###############################################################################
#
# IAR C/C++ Compiler V8.10.3.1087/W32 for MSP430          14/Feb/2025  17:24:19
# Copyright 1996-2023 IAR Systems AB.
# Evaluation license - IAR Embedded Workbench for MSP430, Evaluation version 8.10
#
#    __rt_version  =  3
#    __double_size =  32
#    __reg_r4      =  free
#    __reg_r5      =  free
#    __pic         =  no
#    __core        =  430X
#    __data_model  =  small
#    __code_model  =  large
#    Source file   =  C:\Users\rache\Desktop\BareMetal_IoTCar\system.c
#    Command line  =  
#        -f C:\Users\rache\Desktop\BareMetal_IoTCar\Debug\Obj\system.r43.rsp
#        (C:\Users\rache\Desktop\BareMetal_IoTCar\system.c -lC
#        C:\Users\rache\Desktop\BareMetal_IoTCar\Debug\List\ -o
#        C:\Users\rache\Desktop\BareMetal_IoTCar\Debug\Obj\ --no_cse
#        --no_unroll --no_inline --no_code_motion --no_tbaa --debug
#        -D__MSP430FR5739__ -e --double=32 --dlib_config "C:\Program Files\IAR
#        Systems\Embedded Workbench 9.1\430\lib\dlib\dl430xlsfn.h" --core=430X
#        --data_model=small -On --multiplier=32 --hw_workaround=CPU40
#        --code_model=large) --dependencies=n
#        C:\Users\rache\Desktop\BareMetal_IoTCar\Debug\Obj\system.r43.iar_deps
#    Locale        =  English_USA.1252
#    List file     =  
#        C:\Users\rache\Desktop\BareMetal_IoTCar\Debug\List\system.lst
#    Object file   =  
#        C:\Users\rache\Desktop\BareMetal_IoTCar\Debug\Obj\system.r43
#
###############################################################################

C:\Users\rache\Desktop\BareMetal_IoTCar\system.c
      1          #include  "msp430.h"
      2          #include  "functions.h"
      3          
      4          //------------------------------------------------------------------------------
      5          // System Configurations
      6          
      7          // Tells the compiler to provide the value in reg as an input to an 
      8          // inline assembly block.  Even though the block contains no instructions,
      9          // the compiler may not optimize it away, and is told that the value
     10          // may change and should not be relied upon.
     11          
     12          //inline void READ_AND_DISCARD(unsigned int reg) __attribute__((always_inline));
     13          //void READ_AND_DISCARD(unsigned int reg){
     14          //  asm volatile ("" : "=m" (reg) : "r" (reg));
     15          //}
     16          
     17          //inline void enable_interrupts(void) __attribute__((always_inline));

   \                                 In  segment CODE, align 2
     18          void enable_interrupts(void){
   \                     enable_interrupts:
     19            __bis_SR_register(GIE);     // enable interrupts
   \   000000   0343         NOP
   \   000002   32D2         BIS.W   #0x8, SR
     20          //  asm volatile ("eint \n");
     21          }
   \   000004   1001         RETA
     22          
     23          //inline void disable_interrupts(void) __attribute__((always_inline));
     24          //void disable_interrupts(void){
     25          //  asm volatile ("dint \n");
     26          //}
     27          

   Maximum stack usage in bytes:

   CSTACK Function
   ------ --------
      4   enable_interrupts


   Segment part sizes:

   Bytes  Function/Label
   -----  --------------
       6  enable_interrupts

 
 6 bytes in segment CODE
 
 6 bytes of CODE memory

Errors: none
Warnings: none
